<?xml version="1.0" encoding="UTF-8"?>
<robot generator="Robot 2.9 (Jython 2.7.0 on java1.7.0_65)" generated="20150916 22:52:47.291">
<suite source="/Users/trentford/Documents/TicTacToe_TNF/acceptance/TicTacToeGUITests.txt" id="s1" name="TicTacToeGUITests">
<test id="s1-t1" name="Win Diagonally as X">
<kw name="Start New Game">
<kw name="Start Application">
<arguments>
<arg>edu.jsu.mcis.TicTacToe</arg>
</arguments>
<msg timestamp="20150916 22:52:48.350" level="FAIL">No keyword with name 'Start Application' found.</msg>
<status status="FAIL" starttime="20150916 22:52:48.347" endtime="20150916 22:52:48.353"></status>
</kw>
<status status="FAIL" starttime="20150916 22:52:48.272" endtime="20150916 22:52:48.357"></status>
</kw>
<status status="FAIL" starttime="20150916 22:52:48.264" endtime="20150916 22:52:48.362" critical="yes">No keyword with name 'Start Application' found.</status>
</test>
<test id="s1-t2" name="Win Horizontally as O">
<kw name="Start New Game">
<kw name="Start Application">
<arguments>
<arg>edu.jsu.mcis.TicTacToe</arg>
</arguments>
<msg timestamp="20150916 22:52:48.463" level="FAIL">No keyword with name 'Start Application' found.</msg>
<status status="FAIL" starttime="20150916 22:52:48.459" endtime="20150916 22:52:48.465"></status>
</kw>
<status status="FAIL" starttime="20150916 22:52:48.379" endtime="20150916 22:52:48.469"></status>
</kw>
<status status="FAIL" starttime="20150916 22:52:48.367" endtime="20150916 22:52:48.473" critical="yes">No keyword with name 'Start Application' found.</status>
</test>
<test id="s1-t3" name="Force a Tie">
<kw name="Start New Game">
<kw name="Start Application">
<arguments>
<arg>edu.jsu.mcis.TicTacToe</arg>
</arguments>
<msg timestamp="20150916 22:52:48.558" level="FAIL">No keyword with name 'Start Application' found.</msg>
<status status="FAIL" starttime="20150916 22:52:48.555" endtime="20150916 22:52:48.559"></status>
</kw>
<status status="FAIL" starttime="20150916 22:52:48.490" endtime="20150916 22:52:48.563"></status>
</kw>
<status status="FAIL" starttime="20150916 22:52:48.479" endtime="20150916 22:52:48.566" critical="yes">No keyword with name 'Start Application' found.</status>
</test>
<status status="FAIL" starttime="20150916 22:52:47.319" endtime="20150916 22:52:48.573"></status>
</suite>
<statistics>
<total>
<stat pass="0" fail="3">Critical Tests</stat>
<stat pass="0" fail="3">All Tests</stat>
</total>
<tag>
</tag>
<suite>
<stat pass="0" id="s1" fail="3" name="TicTacToeGUITests">TicTacToeGUITests</stat>
</suite>
</statistics>
<errors>
<msg timestamp="20150916 22:52:48.253" level="ERROR">Error in file '/Users/trentford/Documents/TicTacToe_TNF/acceptance/TicTacToeGUITests.txt': Importing test library 'SwingLibrary' failed: ImportError: No module named SwingLibrary
Traceback (most recent call last):
  None
PYTHONPATH:
  /Users/trentford/Documents/Software_Engineering_1_Class/Programs/Lib
  /Users/trentford/Documents/Software_Engineering_1_Class/Programs/robotframework-2.9.jar/Lib
  __classpath__
  __pyclasspath__/
CLASSPATH:
  .
  ../build/classes/main
  /Users/trentford/Documents/Software_Engineering_1_Class/Programs/robotframework-2.9.jar</msg>
</errors>
</robot>
